<?xml version="1.0" encoding="UTF-8"?>
<!-- Generated by org.testng.reporters.JUnitReportReporter -->
<testsuite hostname="DESKTOP-5FMQ87A" failures="0" tests="1" name="runner.RunnerTest$MyTestNGRunnerTest" time="102.939" errors="0" timestamp="2024-05-23T12:53:50 IST" skipped="0">
  <testcase classname="runner.RunnerTest$MyTestNGRunnerTest" name="runScenario" time="102.939"/>
</testsuite> <!-- runner.RunnerTest$MyTestNGRunnerTest -->
